

Started GET "/assets/rails.png" for 127.0.0.1 at 2013-07-17 17:40:56 -0500
Connecting to database specified by database.yml

PG::Error (could not connect to server: No such file or directory
	Is the server running locally and accepting
	connections on Unix domain socket "/var/pgsql_socket/.s.PGSQL.5432"?
):
  activerecord (3.2.12) lib/active_record/connection_adapters/postgresql_adapter.rb:1208:in `initialize'
  activerecord (3.2.12) lib/active_record/connection_adapters/postgresql_adapter.rb:1208:in `new'
  activerecord (3.2.12) lib/active_record/connection_adapters/postgresql_adapter.rb:1208:in `connect'
  activerecord (3.2.12) lib/active_record/connection_adapters/postgresql_adapter.rb:326:in `initialize'
  activerecord (3.2.12) lib/active_record/connection_adapters/postgresql_adapter.rb:28:in `new'
  activerecord (3.2.12) lib/active_record/connection_adapters/postgresql_adapter.rb:28:in `postgresql_connection'
  activerecord (3.2.12) lib/active_record/connection_adapters/abstract/connection_pool.rb:315:in `new_connection'
  activerecord (3.2.12) lib/active_record/connection_adapters/abstract/connection_pool.rb:325:in `checkout_new_connection'
  activerecord (3.2.12) lib/active_record/connection_adapters/abstract/connection_pool.rb:247:in `block (2 levels) in checkout'
  activerecord (3.2.12) lib/active_record/connection_adapters/abstract/connection_pool.rb:242:in `loop'
  activerecord (3.2.12) lib/active_record/connection_adapters/abstract/connection_pool.rb:242:in `block in checkout'
  /Users/Torey/.rvm/rubies/ruby-1.9.3-p385/lib/ruby/1.9.1/monitor.rb:211:in `mon_synchronize'
  activerecord (3.2.12) lib/active_record/connection_adapters/abstract/connection_pool.rb:239:in `checkout'
  activerecord (3.2.12) lib/active_record/connection_adapters/abstract/connection_pool.rb:102:in `block in connection'
  /Users/Torey/.rvm/rubies/ruby-1.9.3-p385/lib/ruby/1.9.1/monitor.rb:211:in `mon_synchronize'
  activerecord (3.2.12) lib/active_record/connection_adapters/abstract/connection_pool.rb:101:in `connection'
  activerecord (3.2.12) lib/active_record/connection_adapters/abstract/connection_pool.rb:410:in `retrieve_connection'
  activerecord (3.2.12) lib/active_record/connection_adapters/abstract/connection_specification.rb:171:in `retrieve_connection'
  activerecord (3.2.12) lib/active_record/connection_adapters/abstract/connection_specification.rb:145:in `connection'
  activerecord (3.2.12) lib/active_record/query_cache.rb:67:in `rescue in call'
  activerecord (3.2.12) lib/active_record/query_cache.rb:61:in `call'
  activerecord (3.2.12) lib/active_record/connection_adapters/abstract/connection_pool.rb:479:in `call'
  actionpack (3.2.12) lib/action_dispatch/middleware/callbacks.rb:28:in `block in call'
  activesupport (3.2.12) lib/active_support/callbacks.rb:405:in `_run__3347771093167122060__call__397842120727849832__callbacks'
  activesupport (3.2.12) lib/active_support/callbacks.rb:405:in `__run_callback'
  activesupport (3.2.12) lib/active_support/callbacks.rb:385:in `_run_call_callbacks'
  activesupport (3.2.12) lib/active_support/callbacks.rb:81:in `run_callbacks'
  actionpack (3.2.12) lib/action_dispatch/middleware/callbacks.rb:27:in `call'
  actionpack (3.2.12) lib/action_dispatch/middleware/reloader.rb:65:in `call'
  actionpack (3.2.12) lib/action_dispatch/middleware/remote_ip.rb:31:in `call'
  actionpack (3.2.12) lib/action_dispatch/middleware/debug_exceptions.rb:16:in `call'
  actionpack (3.2.12) lib/action_dispatch/middleware/show_exceptions.rb:56:in `call'
  railties (3.2.12) lib/rails/rack/logger.rb:32:in `call_app'
  railties (3.2.12) lib/rails/rack/logger.rb:16:in `block in call'
  activesupport (3.2.12) lib/active_support/tagged_logging.rb:22:in `tagged'
  railties (3.2.12) lib/rails/rack/logger.rb:16:in `call'
  actionpack (3.2.12) lib/action_dispatch/middleware/request_id.rb:22:in `call'
  rack (1.4.5) lib/rack/methodoverride.rb:21:in `call'
  rack (1.4.5) lib/rack/runtime.rb:17:in `call'
  activesupport (3.2.12) lib/active_support/cache/strategy/local_cache.rb:72:in `call'
  rack (1.4.5) lib/rack/lock.rb:15:in `call'
  actionpack (3.2.12) lib/action_dispatch/middleware/static.rb:62:in `call'
  railties (3.2.12) lib/rails/engine.rb:479:in `call'
  railties (3.2.12) lib/rails/application.rb:223:in `call'
  rack (1.4.5) lib/rack/content_length.rb:14:in `call'
  railties (3.2.12) lib/rails/rack/log_tailer.rb:17:in `call'
  rack (1.4.5) lib/rack/handler/webrick.rb:59:in `service'
  /Users/Torey/.rvm/rubies/ruby-1.9.3-p385/lib/ruby/1.9.1/webrick/httpserver.rb:138:in `service'
  /Users/Torey/.rvm/rubies/ruby-1.9.3-p385/lib/ruby/1.9.1/webrick/httpserver.rb:94:in `run'
  /Users/Torey/.rvm/rubies/ruby-1.9.3-p385/lib/ruby/1.9.1/webrick/server.rb:191:in `block in start_thread'


  Rendered /Users/Torey/.rvm/gems/ruby-1.9.3-p385@rails3tutorial2ndEd/gems/actionpack-3.2.12/lib/action_dispatch/middleware/templates/rescues/_trace.erb (2.1ms)
  Rendered /Users/Torey/.rvm/gems/ruby-1.9.3-p385@rails3tutorial2ndEd/gems/actionpack-3.2.12/lib/action_dispatch/middleware/templates/rescues/_request_and_response.erb (10.9ms)
  Rendered /Users/Torey/.rvm/gems/ruby-1.9.3-p385@rails3tutorial2ndEd/gems/actionpack-3.2.12/lib/action_dispatch/middleware/templates/rescues/diagnostics.erb within rescues/layout (43.0ms)


Started GET "/assets/rails.png" for 127.0.0.1 at 2013-07-17 17:41:01 -0500

PG::Error (could not connect to server: No such file or directory
	Is the server running locally and accepting
	connections on Unix domain socket "/var/pgsql_socket/.s.PGSQL.5432"?
):
  activerecord (3.2.12) lib/active_record/connection_adapters/postgresql_adapter.rb:1208:in `initialize'
  activerecord (3.2.12) lib/active_record/connection_adapters/postgresql_adapter.rb:1208:in `new'
  activerecord (3.2.12) lib/active_record/connection_adapters/postgresql_adapter.rb:1208:in `connect'
  activerecord (3.2.12) lib/active_record/connection_adapters/postgresql_adapter.rb:326:in `initialize'
  activerecord (3.2.12) lib/active_record/connection_adapters/postgresql_adapter.rb:28:in `new'
  activerecord (3.2.12) lib/active_record/connection_adapters/postgresql_adapter.rb:28:in `postgresql_connection'
  activerecord (3.2.12) lib/active_record/connection_adapters/abstract/connection_pool.rb:315:in `new_connection'
  activerecord (3.2.12) lib/active_record/connection_adapters/abstract/connection_pool.rb:325:in `checkout_new_connection'
  activerecord (3.2.12) lib/active_record/connection_adapters/abstract/connection_pool.rb:247:in `block (2 levels) in checkout'
  activerecord (3.2.12) lib/active_record/connection_adapters/abstract/connection_pool.rb:242:in `loop'
  activerecord (3.2.12) lib/active_record/connection_adapters/abstract/connection_pool.rb:242:in `block in checkout'
  /Users/Torey/.rvm/rubies/ruby-1.9.3-p385/lib/ruby/1.9.1/monitor.rb:211:in `mon_synchronize'
  activerecord (3.2.12) lib/active_record/connection_adapters/abstract/connection_pool.rb:239:in `checkout'
  activerecord (3.2.12) lib/active_record/connection_adapters/abstract/connection_pool.rb:102:in `block in connection'
  /Users/Torey/.rvm/rubies/ruby-1.9.3-p385/lib/ruby/1.9.1/monitor.rb:211:in `mon_synchronize'
  activerecord (3.2.12) lib/active_record/connection_adapters/abstract/connection_pool.rb:101:in `connection'
  activerecord (3.2.12) lib/active_record/connection_adapters/abstract/connection_pool.rb:410:in `retrieve_connection'
  activerecord (3.2.12) lib/active_record/connection_adapters/abstract/connection_specification.rb:171:in `retrieve_connection'
  activerecord (3.2.12) lib/active_record/connection_adapters/abstract/connection_specification.rb:145:in `connection'
  activerecord (3.2.12) lib/active_record/query_cache.rb:67:in `rescue in call'
  activerecord (3.2.12) lib/active_record/query_cache.rb:61:in `call'
  activerecord (3.2.12) lib/active_record/connection_adapters/abstract/connection_pool.rb:479:in `call'
  actionpack (3.2.12) lib/action_dispatch/middleware/callbacks.rb:28:in `block in call'
  activesupport (3.2.12) lib/active_support/callbacks.rb:405:in `_run__3347771093167122060__call__397842120727849832__callbacks'
  activesupport (3.2.12) lib/active_support/callbacks.rb:405:in `__run_callback'
  activesupport (3.2.12) lib/active_support/callbacks.rb:385:in `_run_call_callbacks'
  activesupport (3.2.12) lib/active_support/callbacks.rb:81:in `run_callbacks'
  actionpack (3.2.12) lib/action_dispatch/middleware/callbacks.rb:27:in `call'
  actionpack (3.2.12) lib/action_dispatch/middleware/reloader.rb:65:in `call'
  actionpack (3.2.12) lib/action_dispatch/middleware/remote_ip.rb:31:in `call'
  actionpack (3.2.12) lib/action_dispatch/middleware/debug_exceptions.rb:16:in `call'
  actionpack (3.2.12) lib/action_dispatch/middleware/show_exceptions.rb:56:in `call'
  railties (3.2.12) lib/rails/rack/logger.rb:32:in `call_app'
  railties (3.2.12) lib/rails/rack/logger.rb:16:in `block in call'
  activesupport (3.2.12) lib/active_support/tagged_logging.rb:22:in `tagged'
  railties (3.2.12) lib/rails/rack/logger.rb:16:in `call'
  actionpack (3.2.12) lib/action_dispatch/middleware/request_id.rb:22:in `call'
  rack (1.4.5) lib/rack/methodoverride.rb:21:in `call'
  rack (1.4.5) lib/rack/runtime.rb:17:in `call'
  activesupport (3.2.12) lib/active_support/cache/strategy/local_cache.rb:72:in `call'
  rack (1.4.5) lib/rack/lock.rb:15:in `call'
  actionpack (3.2.12) lib/action_dispatch/middleware/static.rb:62:in `call'
  railties (3.2.12) lib/rails/engine.rb:479:in `call'
  railties (3.2.12) lib/rails/application.rb:223:in `call'
  rack (1.4.5) lib/rack/content_length.rb:14:in `call'
  railties (3.2.12) lib/rails/rack/log_tailer.rb:17:in `call'
  rack (1.4.5) lib/rack/handler/webrick.rb:59:in `service'
  /Users/Torey/.rvm/rubies/ruby-1.9.3-p385/lib/ruby/1.9.1/webrick/httpserver.rb:138:in `service'
  /Users/Torey/.rvm/rubies/ruby-1.9.3-p385/lib/ruby/1.9.1/webrick/httpserver.rb:94:in `run'
  /Users/Torey/.rvm/rubies/ruby-1.9.3-p385/lib/ruby/1.9.1/webrick/server.rb:191:in `block in start_thread'


  Rendered /Users/Torey/.rvm/gems/ruby-1.9.3-p385@rails3tutorial2ndEd/gems/actionpack-3.2.12/lib/action_dispatch/middleware/templates/rescues/_trace.erb (2.1ms)
  Rendered /Users/Torey/.rvm/gems/ruby-1.9.3-p385@rails3tutorial2ndEd/gems/actionpack-3.2.12/lib/action_dispatch/middleware/templates/rescues/_request_and_response.erb (2.9ms)
  Rendered /Users/Torey/.rvm/gems/ruby-1.9.3-p385@rails3tutorial2ndEd/gems/actionpack-3.2.12/lib/action_dispatch/middleware/templates/rescues/diagnostics.erb within rescues/layout (16.5ms)
Connecting to database specified by database.yml
Connecting to database specified by database.yml
Connecting to database specified by database.yml
Connecting to database specified by database.yml
Connecting to database specified by database.yml
Connecting to database specified by database.yml
Connecting to database specified by database.yml
Connecting to database specified by database.yml
  [1m[36m (3.1ms)[0m  [1mCREATE TABLE "schema_migrations" ("version" character varying(255) NOT NULL) [0m
  [1m[35m (1.4ms)[0m  CREATE UNIQUE INDEX "unique_schema_migrations" ON "schema_migrations" ("version")
  [1m[36m (0.3ms)[0m  [1mSELECT "schema_migrations"."version" FROM "schema_migrations" [0m
Migrating to CreateAttendees (20130717225211)
  [1m[35m (0.2ms)[0m  BEGIN
  [1m[36m (2.5ms)[0m  [1mCREATE TABLE "attendees" ("id" serial primary key, "user_id" integer, "event_id" integer) [0m
  [1m[35m (0.4ms)[0m  INSERT INTO "schema_migrations" ("version") VALUES ('20130717225211')
  [1m[36m (0.3ms)[0m  [1mCOMMIT[0m
Migrating to CreateUsers (20130717225858)
  [1m[35m (0.1ms)[0m  BEGIN
  [1m[36m (0.1ms)[0m  [1mROLLBACK[0m
Connecting to database specified by database.yml
  [1m[36m (0.4ms)[0m  [1mSELECT "schema_migrations"."version" FROM "schema_migrations" [0m
Migrating to CreateAttendees (20130717225211)
Migrating to CreateUsers (20130717225858)
  [1m[35m (0.1ms)[0m  BEGIN
  [1m[36m (6.1ms)[0m  [1mCREATE TABLE "users" ("id" serial primary key, "oauth_token" character varying(255), "oauth_secret" character varying(255), "created_at" timestamp NOT NULL, "updated_at" timestamp NOT NULL) [0m
  [1m[35m (0.2ms)[0m  INSERT INTO "schema_migrations" ("version") VALUES ('20130717225858')
  [1m[36m (0.5ms)[0m  [1mCOMMIT[0m
Migrating to CreateEvents (20130717230013)
  [1m[35m (0.2ms)[0m  BEGIN
  [1m[36m (0.2ms)[0m  [1mINSERT INTO "schema_migrations" ("version") VALUES ('20130717230013')[0m
  [1m[35m (0.3ms)[0m  COMMIT
Migrating to CreateTags (20130717230031)
  [1m[36m (0.1ms)[0m  [1mBEGIN[0m
  [1m[35m (0.3ms)[0m  INSERT INTO "schema_migrations" ("version") VALUES ('20130717230031')
  [1m[36m (0.3ms)[0m  [1mCOMMIT[0m
Migrating to CreateEventTags (20130717230045)
  [1m[35m (0.1ms)[0m  BEGIN
  [1m[36m (0.2ms)[0m  [1mINSERT INTO "schema_migrations" ("version") VALUES ('20130717230045')[0m
  [1m[35m (0.3ms)[0m  COMMIT
Migrating to CreateVotes (20130717230056)
  [1m[36m (0.1ms)[0m  [1mBEGIN[0m
  [1m[35m (0.2ms)[0m  INSERT INTO "schema_migrations" ("version") VALUES ('20130717230056')
  [1m[36m (0.3ms)[0m  [1mCOMMIT[0m
Migrating to CreateComments (20130717230105)
  [1m[35m (0.1ms)[0m  BEGIN
  [1m[36m (0.2ms)[0m  [1mINSERT INTO "schema_migrations" ("version") VALUES ('20130717230105')[0m
  [1m[35m (0.3ms)[0m  COMMIT
  [1m[36m (0.2ms)[0m  [1mSELECT "schema_migrations"."version" FROM "schema_migrations" [0m


Started GET "/assets/rails.png" for 127.0.0.1 at 2013-07-17 19:07:46 -0500
Connecting to database specified by database.yml
Served asset /rails.png - 304 Not Modified (6ms)


Started GET "/" for 127.0.0.1 at 2013-07-17 19:09:19 -0500
Processing by MainController#landing as HTML
  Rendered main/landing.html.erb within layouts/application (2.3ms)
Compiled application.css  (0ms)  (pid 49894)
Compiled jquery.js  (2ms)  (pid 49894)
Compiled jquery_ujs.js  (0ms)  (pid 49894)
Compiled application.js  (25ms)  (pid 49894)
Completed 200 OK in 109ms (Views: 108.6ms | ActiveRecord: 0.0ms)


Started GET "/assets/jquery.js?body=1" for 127.0.0.1 at 2013-07-17 19:09:19 -0500
Served asset /jquery.js - 304 Not Modified (20ms)


Started GET "/assets/application.js?body=1" for 127.0.0.1 at 2013-07-17 19:09:19 -0500
Served asset /application.js - 304 Not Modified (4ms)


Started GET "/assets/application.css?body=1" for 127.0.0.1 at 2013-07-17 19:09:19 -0500
Served asset /application.css - 304 Not Modified (1ms)


Started GET "/assets/jquery_ujs.js?body=1" for 127.0.0.1 at 2013-07-17 19:09:19 -0500
Served asset /jquery_ujs.js - 304 Not Modified (2ms)


Started GET "/sign_in" for 127.0.0.1 at 2013-07-17 19:09:24 -0500

ActionController::RoutingError (uninitialized constant UserController):
  activesupport (3.2.12) lib/active_support/inflector/methods.rb:230:in `block in constantize'
  activesupport (3.2.12) lib/active_support/inflector/methods.rb:229:in `each'
  activesupport (3.2.12) lib/active_support/inflector/methods.rb:229:in `constantize'
  actionpack (3.2.12) lib/action_dispatch/routing/route_set.rb:69:in `controller_reference'
  actionpack (3.2.12) lib/action_dispatch/routing/route_set.rb:54:in `controller'
  actionpack (3.2.12) lib/action_dispatch/routing/route_set.rb:32:in `call'
  journey (1.0.4) lib/journey/router.rb:68:in `block in call'
  journey (1.0.4) lib/journey/router.rb:56:in `each'
  journey (1.0.4) lib/journey/router.rb:56:in `call'
  actionpack (3.2.12) lib/action_dispatch/routing/route_set.rb:601:in `call'
  actionpack (3.2.12) lib/action_dispatch/middleware/best_standards_support.rb:17:in `call'
  rack (1.4.5) lib/rack/etag.rb:23:in `call'
  rack (1.4.5) lib/rack/conditionalget.rb:25:in `call'
  actionpack (3.2.12) lib/action_dispatch/middleware/head.rb:14:in `call'
  actionpack (3.2.12) lib/action_dispatch/middleware/params_parser.rb:21:in `call'
  actionpack (3.2.12) lib/action_dispatch/middleware/flash.rb:242:in `call'
  rack (1.4.5) lib/rack/session/abstract/id.rb:210:in `context'
  rack (1.4.5) lib/rack/session/abstract/id.rb:205:in `call'
  actionpack (3.2.12) lib/action_dispatch/middleware/cookies.rb:341:in `call'
  activerecord (3.2.12) lib/active_record/query_cache.rb:64:in `call'
  activerecord (3.2.12) lib/active_record/connection_adapters/abstract/connection_pool.rb:479:in `call'
  actionpack (3.2.12) lib/action_dispatch/middleware/callbacks.rb:28:in `block in call'
  activesupport (3.2.12) lib/active_support/callbacks.rb:405:in `_run__4215145110475074657__call__4020627336436279652__callbacks'
  activesupport (3.2.12) lib/active_support/callbacks.rb:405:in `__run_callback'
  activesupport (3.2.12) lib/active_support/callbacks.rb:385:in `_run_call_callbacks'
  activesupport (3.2.12) lib/active_support/callbacks.rb:81:in `run_callbacks'
  actionpack (3.2.12) lib/action_dispatch/middleware/callbacks.rb:27:in `call'
  actionpack (3.2.12) lib/action_dispatch/middleware/reloader.rb:65:in `call'
  actionpack (3.2.12) lib/action_dispatch/middleware/remote_ip.rb:31:in `call'
  actionpack (3.2.12) lib/action_dispatch/middleware/debug_exceptions.rb:16:in `call'
  actionpack (3.2.12) lib/action_dispatch/middleware/show_exceptions.rb:56:in `call'
  railties (3.2.12) lib/rails/rack/logger.rb:32:in `call_app'
  railties (3.2.12) lib/rails/rack/logger.rb:16:in `block in call'
  activesupport (3.2.12) lib/active_support/tagged_logging.rb:22:in `tagged'
  railties (3.2.12) lib/rails/rack/logger.rb:16:in `call'
  actionpack (3.2.12) lib/action_dispatch/middleware/request_id.rb:22:in `call'
  rack (1.4.5) lib/rack/methodoverride.rb:21:in `call'
  rack (1.4.5) lib/rack/runtime.rb:17:in `call'
  activesupport (3.2.12) lib/active_support/cache/strategy/local_cache.rb:72:in `call'
  rack (1.4.5) lib/rack/lock.rb:15:in `call'
  actionpack (3.2.12) lib/action_dispatch/middleware/static.rb:62:in `call'
  railties (3.2.12) lib/rails/engine.rb:479:in `call'
  railties (3.2.12) lib/rails/application.rb:223:in `call'
  rack (1.4.5) lib/rack/content_length.rb:14:in `call'
  railties (3.2.12) lib/rails/rack/log_tailer.rb:17:in `call'
  rack (1.4.5) lib/rack/handler/webrick.rb:59:in `service'
  /Users/tyler/.rvm/rubies/ruby-1.9.3-p448/lib/ruby/1.9.1/webrick/httpserver.rb:138:in `service'
  /Users/tyler/.rvm/rubies/ruby-1.9.3-p448/lib/ruby/1.9.1/webrick/httpserver.rb:94:in `run'
  /Users/tyler/.rvm/rubies/ruby-1.9.3-p448/lib/ruby/1.9.1/webrick/server.rb:191:in `block in start_thread'


  Rendered /Users/tyler/.rvm/gems/ruby-1.9.3-p448/gems/actionpack-3.2.12/lib/action_dispatch/middleware/templates/rescues/routing_error.erb within rescues/layout (0.6ms)


Started GET "/sign_in" for 127.0.0.1 at 2013-07-17 19:09:45 -0500
Processing by UsersController#sign_in as HTML
Redirected to https://api.twitter.com/oauth/authorize?oauth_token=8vbfEt7MXEMvQlfH2iaTbU5SsaAJBTIAyr4fgf36o
Completed 302 Found in 356ms (ActiveRecord: 0.0ms)


Started GET "/user/auth?oauth_token=8vbfEt7MXEMvQlfH2iaTbU5SsaAJBTIAyr4fgf36o&oauth_verifier=mXspdic3xEl2vPM6T9UyR5pv9GsAZhT5mBaj21TzE" for 127.0.0.1 at 2013-07-17 19:09:50 -0500
Processing by UsersController#auth as HTML
  Parameters: {"oauth_token"=>"8vbfEt7MXEMvQlfH2iaTbU5SsaAJBTIAyr4fgf36o", "oauth_verifier"=>"mXspdic3xEl2vPM6T9UyR5pv9GsAZhT5mBaj21TzE"}
  [1m[36mUser Load (1.2ms)[0m  [1mSELECT "users".* FROM "users" WHERE "users"."oauth_token" = '8vbfEt7MXEMvQlfH2iaTbU5SsaAJBTIAyr4fgf36o' LIMIT 1[0m
  [1m[35m (0.3ms)[0m  BEGIN
  [1m[36mSQL (6.9ms)[0m  [1mINSERT INTO "users" ("created_at", "oauth_secret", "oauth_token", "updated_at") VALUES ($1, $2, $3, $4) RETURNING "id"[0m  [["created_at", Thu, 18 Jul 2013 00:09:50 UTC +00:00], ["oauth_secret", "fqE9uXShchVdIthUZZ6Jb5ZRTJz5sTyS60cp1MkH9g"], ["oauth_token", "237939201-spIuqEVEyh5FGm3EyWNEQ98ptDLYzoAcgeDIJx2o"], ["updated_at", Thu, 18 Jul 2013 00:09:50 UTC +00:00]]
  [1m[35m (0.5ms)[0m  COMMIT
Completed 500 Internal Server Error in 442ms

NoMethodError (undefined method `redirect' for #<UsersController:0x007fb37baffad8>):
  app/controllers/users_controller.rb:21:in `auth'


  Rendered /Users/tyler/.rvm/gems/ruby-1.9.3-p448/gems/actionpack-3.2.12/lib/action_dispatch/middleware/templates/rescues/_trace.erb (2.0ms)
  Rendered /Users/tyler/.rvm/gems/ruby-1.9.3-p448/gems/actionpack-3.2.12/lib/action_dispatch/middleware/templates/rescues/_request_and_response.erb (1.1ms)
  Rendered /Users/tyler/.rvm/gems/ruby-1.9.3-p448/gems/actionpack-3.2.12/lib/action_dispatch/middleware/templates/rescues/diagnostics.erb within rescues/layout (30.2ms)


Started GET "/" for 127.0.0.1 at 2013-07-17 19:10:31 -0500
Processing by MainController#landing as HTML
  Rendered main/landing.html.erb within layouts/application (0.0ms)
Completed 200 OK in 4ms (Views: 3.2ms | ActiveRecord: 0.0ms)


Started GET "/assets/application.css?body=1" for 127.0.0.1 at 2013-07-17 19:10:31 -0500
Served asset /application.css - 304 Not Modified (0ms)


Started GET "/assets/jquery.js?body=1" for 127.0.0.1 at 2013-07-17 19:10:31 -0500
Served asset /jquery.js - 304 Not Modified (0ms)


Started GET "/assets/jquery_ujs.js?body=1" for 127.0.0.1 at 2013-07-17 19:10:31 -0500
Served asset /jquery_ujs.js - 304 Not Modified (0ms)


Started GET "/assets/application.js?body=1" for 127.0.0.1 at 2013-07-17 19:10:31 -0500
Served asset /application.js - 304 Not Modified (0ms)


Started GET "/sign_out" for 127.0.0.1 at 2013-07-17 19:13:16 -0500
Processing by UsersController#sign_out as HTML
Redirected to http://0.0.0.0:3000/
Completed 302 Found in 1ms (ActiveRecord: 0.0ms)


Started GET "/" for 127.0.0.1 at 2013-07-17 19:13:16 -0500
Processing by MainController#landing as HTML
  Rendered main/landing.html.erb within layouts/application (0.6ms)
Completed 200 OK in 6ms (Views: 5.1ms | ActiveRecord: 0.0ms)


Started GET "/assets/application.css?body=1" for 127.0.0.1 at 2013-07-17 19:13:16 -0500
Served asset /application.css - 304 Not Modified (0ms)


Started GET "/assets/jquery_ujs.js?body=1" for 127.0.0.1 at 2013-07-17 19:13:16 -0500
Served asset /jquery_ujs.js - 304 Not Modified (0ms)


Started GET "/assets/application.js?body=1" for 127.0.0.1 at 2013-07-17 19:13:16 -0500
Served asset /application.js - 304 Not Modified (0ms)


Started GET "/assets/jquery.js?body=1" for 127.0.0.1 at 2013-07-17 19:13:16 -0500
Served asset /jquery.js - 304 Not Modified (0ms)


Started GET "/sign_in" for 127.0.0.1 at 2013-07-17 19:13:18 -0500
Processing by UsersController#sign_in as HTML
Redirected to https://api.twitter.com/oauth/authorize?oauth_token=6AtiHXLBuh9jZc0ULbNNvUSnOpZUXP68OEY03CJhY
Completed 302 Found in 382ms (ActiveRecord: 0.0ms)


Started GET "/user/auth?oauth_token=6AtiHXLBuh9jZc0ULbNNvUSnOpZUXP68OEY03CJhY&oauth_verifier=BSEuaj7sHs04WZQHkaw3qZ5LHZkUefPqjeZN9THCuE" for 127.0.0.1 at 2013-07-17 19:13:21 -0500
Processing by UsersController#auth as HTML
  Parameters: {"oauth_token"=>"6AtiHXLBuh9jZc0ULbNNvUSnOpZUXP68OEY03CJhY", "oauth_verifier"=>"BSEuaj7sHs04WZQHkaw3qZ5LHZkUefPqjeZN9THCuE"}
  [1m[36mUser Load (0.4ms)[0m  [1mSELECT "users".* FROM "users" WHERE "users"."oauth_token" = '6AtiHXLBuh9jZc0ULbNNvUSnOpZUXP68OEY03CJhY' LIMIT 1[0m
  [1m[35m (0.4ms)[0m  BEGIN
  [1m[36mSQL (0.6ms)[0m  [1mINSERT INTO "users" ("created_at", "oauth_secret", "oauth_token", "updated_at") VALUES ($1, $2, $3, $4) RETURNING "id"[0m  [["created_at", Thu, 18 Jul 2013 00:13:21 UTC +00:00], ["oauth_secret", "fqE9uXShchVdIthUZZ6Jb5ZRTJz5sTyS60cp1MkH9g"], ["oauth_token", "237939201-spIuqEVEyh5FGm3EyWNEQ98ptDLYzoAcgeDIJx2o"], ["updated_at", Thu, 18 Jul 2013 00:13:21 UTC +00:00]]
  [1m[35m (6.3ms)[0m  COMMIT
Redirected to http://0.0.0.0:3000/
Completed 302 Found in 374ms (ActiveRecord: 11.0ms)


Started GET "/" for 127.0.0.1 at 2013-07-17 19:13:21 -0500
Processing by MainController#landing as HTML
  Rendered main/landing.html.erb within layouts/application (0.0ms)
Completed 200 OK in 3ms (Views: 2.8ms | ActiveRecord: 0.0ms)


Started GET "/assets/application.css?body=1" for 127.0.0.1 at 2013-07-17 19:13:21 -0500
Served asset /application.css - 304 Not Modified (0ms)


Started GET "/assets/jquery.js?body=1" for 127.0.0.1 at 2013-07-17 19:13:21 -0500
Served asset /jquery.js - 304 Not Modified (0ms)


Started GET "/assets/application.js?body=1" for 127.0.0.1 at 2013-07-17 19:13:21 -0500
Served asset /application.js - 304 Not Modified (0ms)


Started GET "/assets/jquery_ujs.js?body=1" for 127.0.0.1 at 2013-07-17 19:13:21 -0500
Served asset /jquery_ujs.js - 304 Not Modified (0ms)


Started GET "/" for 127.0.0.1 at 2013-07-17 19:14:15 -0500
Processing by MainController#landing as HTML
Completed 500 Internal Server Error in 14ms

NameError (undefined local variable or method `sessions' for #<MainController:0x007fb37d9a5910>):
  app/controllers/main_controller.rb:4:in `landing'


  Rendered /Users/tyler/.rvm/gems/ruby-1.9.3-p448/gems/actionpack-3.2.12/lib/action_dispatch/middleware/templates/rescues/_trace.erb (1.0ms)
  Rendered /Users/tyler/.rvm/gems/ruby-1.9.3-p448/gems/actionpack-3.2.12/lib/action_dispatch/middleware/templates/rescues/_request_and_response.erb (0.8ms)
  Rendered /Users/tyler/.rvm/gems/ruby-1.9.3-p448/gems/actionpack-3.2.12/lib/action_dispatch/middleware/templates/rescues/diagnostics.erb within rescues/layout (27.3ms)


Started GET "/" for 127.0.0.1 at 2013-07-17 19:14:23 -0500
Processing by MainController#landing as HTML
  [1m[36mUser Load (0.4ms)[0m  [1mSELECT "users".* FROM "users" WHERE "users"."id" = 2 LIMIT 1[0m
  Rendered main/landing.html.erb within layouts/application (0.0ms)
Completed 200 OK in 25ms (Views: 3.0ms | ActiveRecord: 2.7ms)


Started GET "/assets/application.css?body=1" for 127.0.0.1 at 2013-07-17 19:14:23 -0500
Served asset /application.css - 304 Not Modified (0ms)


Started GET "/assets/jquery_ujs.js?body=1" for 127.0.0.1 at 2013-07-17 19:14:23 -0500
Served asset /jquery_ujs.js - 304 Not Modified (0ms)


Started GET "/assets/jquery.js?body=1" for 127.0.0.1 at 2013-07-17 19:14:23 -0500
Served asset /jquery.js - 304 Not Modified (0ms)


Started GET "/assets/application.js?body=1" for 127.0.0.1 at 2013-07-17 19:14:23 -0500
Served asset /application.js - 304 Not Modified (0ms)


Started GET "/images/ajax-loader.gif" for 127.0.0.1 at 2013-07-17 19:14:23 -0500

ActionController::RoutingError (No route matches [GET] "/images/ajax-loader.gif"):
  actionpack (3.2.12) lib/action_dispatch/middleware/debug_exceptions.rb:21:in `call'
  actionpack (3.2.12) lib/action_dispatch/middleware/show_exceptions.rb:56:in `call'
  railties (3.2.12) lib/rails/rack/logger.rb:32:in `call_app'
  railties (3.2.12) lib/rails/rack/logger.rb:16:in `block in call'
  activesupport (3.2.12) lib/active_support/tagged_logging.rb:22:in `tagged'
  railties (3.2.12) lib/rails/rack/logger.rb:16:in `call'
  actionpack (3.2.12) lib/action_dispatch/middleware/request_id.rb:22:in `call'
  rack (1.4.5) lib/rack/methodoverride.rb:21:in `call'
  rack (1.4.5) lib/rack/runtime.rb:17:in `call'
  activesupport (3.2.12) lib/active_support/cache/strategy/local_cache.rb:72:in `call'
  rack (1.4.5) lib/rack/lock.rb:15:in `call'
  actionpack (3.2.12) lib/action_dispatch/middleware/static.rb:62:in `call'
  railties (3.2.12) lib/rails/engine.rb:479:in `call'
  railties (3.2.12) lib/rails/application.rb:223:in `call'
  rack (1.4.5) lib/rack/content_length.rb:14:in `call'
  railties (3.2.12) lib/rails/rack/log_tailer.rb:17:in `call'
  rack (1.4.5) lib/rack/handler/webrick.rb:59:in `service'
  /Users/tyler/.rvm/rubies/ruby-1.9.3-p448/lib/ruby/1.9.1/webrick/httpserver.rb:138:in `service'
  /Users/tyler/.rvm/rubies/ruby-1.9.3-p448/lib/ruby/1.9.1/webrick/httpserver.rb:94:in `run'
  /Users/tyler/.rvm/rubies/ruby-1.9.3-p448/lib/ruby/1.9.1/webrick/server.rb:191:in `block in start_thread'


  Rendered /Users/tyler/.rvm/gems/ruby-1.9.3-p448/gems/actionpack-3.2.12/lib/action_dispatch/middleware/templates/rescues/routing_error.erb within rescues/layout (0.8ms)


Started GET "/sign_out" for 127.0.0.1 at 2013-07-17 19:14:55 -0500
Processing by UsersController#sign_out as HTML
Redirected to http://0.0.0.0:3000/
Completed 302 Found in 0ms (ActiveRecord: 0.0ms)


Started GET "/" for 127.0.0.1 at 2013-07-17 19:14:55 -0500
Processing by MainController#landing as HTML
  [1m[35mUser Load (0.8ms)[0m  SELECT "users".* FROM "users" WHERE "users"."id" IS NULL LIMIT 1
  Rendered main/landing.html.erb within layouts/application (0.0ms)
Completed 200 OK in 5ms (Views: 2.6ms | ActiveRecord: 0.8ms)


Started GET "/assets/application.css?body=1" for 127.0.0.1 at 2013-07-17 19:14:55 -0500
Served asset /application.css - 304 Not Modified (0ms)


Started GET "/assets/application.js?body=1" for 127.0.0.1 at 2013-07-17 19:14:55 -0500
Served asset /application.js - 304 Not Modified (0ms)


Started GET "/assets/jquery_ujs.js?body=1" for 127.0.0.1 at 2013-07-17 19:14:55 -0500
Served asset /jquery_ujs.js - 304 Not Modified (0ms)


Started GET "/assets/jquery.js?body=1" for 127.0.0.1 at 2013-07-17 19:14:55 -0500
Served asset /jquery.js - 304 Not Modified (0ms)
